ListFavoritesDrum/app/build/intermediates/manifest_merge_blame_file/debug/manifest-merger-blame-debug-report.txt
1<?xml version="1.0" encoding="utf-8"?>
2<manifest xmlns:android="http://schemas.android.com/apk/res/android"
3    package="com.jojo.listfavoritesdrum"
4    android:versionCode="1"
5    android:versionName="1.0" >
6
7    <uses-sdk
8        android:minSdkVersion="18"
8-->src\main\AndroidManifest.xml
9        android:targetSdkVersion="29" />
9-->src\main\AndroidManifest.xml
10
11    <uses-permission android:name="android.permission.INTERNET" />
11-->src\main\AndroidManifest.xml:4:5-83
11-->src\main\AndroidManifest.xml:4:22-64
12    <uses-permission android:name="android.permission.ACCESS_NETWORK_STATE" />
12-->[com.pierfrancescosoffritti.androidyoutubeplayer:core:10.0.5] AndroidManifest.xml:12:5-79
12-->[com.pierfrancescosoffritti.androidyoutubeplayer:core:10.0.5] AndroidManifest.xml:12:22-76
13
14    <application
14-->src\main\AndroidManifest.xml:6:5-27:19
15        android:allowBackup="true"
15-->src\main\AndroidManifest.xml:7:9-35
16        android:appComponentFactory="androidx.core.app.CoreComponentFactory"
16-->[androidx.core:core:1.1.0] AndroidManifest.xml:24:18-86
17        android:debuggable="true"
18        android:icon="@mipmap/ic_launcher"
18-->src\main\AndroidManifest.xml:8:9-43
19        android:label="@string/app_name"
19-->src\main\AndroidManifest.xml:9:9-41
20        android:roundIcon="@mipmap/ic_launcher_round"
20-->src\main\AndroidManifest.xml:10:9-54
21        android:supportsRtl="true"
21-->src\main\AndroidManifest.xml:11:9-35
22        android:testOnly="true"
23        android:theme="@style/AppTheme" >
23-->src\main\AndroidManifest.xml:12:9-40
24        <activity
24-->src\main\AndroidManifest.xml:13:9-16:25
25            android:name="com.jojo.listfavoritesdrum.ProfileAct"
25-->src\main\AndroidManifest.xml:13:19-45
26            android:theme="@style/AppTheme" />
26-->src\main\AndroidManifest.xml:14:13-44
27        <activity
27-->src\main\AndroidManifest.xml:17:9-19:15
28            android:name="com.jojo.listfavoritesdrum.DetailDrummer"
28-->src\main\AndroidManifest.xml:17:19-48
29            android:theme="@style/AppThema" />
29-->src\main\AndroidManifest.xml:18:13-44
30        <activity android:name="com.jojo.listfavoritesdrum.MainActivity" >
30-->src\main\AndroidManifest.xml:20:9-26:20
30-->src\main\AndroidManifest.xml:20:19-47
31            <intent-filter>
31-->src\main\AndroidManifest.xml:21:13-25:29
32                <action android:name="android.intent.action.MAIN" />
32-->src\main\AndroidManifest.xml:22:17-69
32-->src\main\AndroidManifest.xml:22:25-66
33
34                <category android:name="android.intent.category.LAUNCHER" />
34-->src\main\AndroidManifest.xml:24:17-77
34-->src\main\AndroidManifest.xml:24:27-74
35            </intent-filter>
36        </activity>
37    </application>
38
39</manifest>